<?xml version="1.0" encoding="UTF-8"?>
<!-- Generated by org.testng.reporters.JUnitXMLReporter -->
<testsuite hostname="DESKTOP-A3SG09S" failures="1" tests="3" name="Computer Tests" time="53.531" errors="0" timestamp="8 Feb 2023 04:52:40 GMT">
  <testcase classname="com.demoshop.tests.ComputerPageTests" name="pressComputerTab" time="9.54">
    <skipped/>
  </testcase> <!-- pressComputerTab -->
  <testcase classname="com.demoshop.tests.ComputerPageTests" name="pressComputerTab" time="8.553">
    <skipped/>
  </testcase> <!-- pressComputerTab -->
  <testcase classname="com.demoshop.tests.ComputerPageTests" name="pressComputerTab" time="7.471">
    <failure type="java.lang.AssertionError" message="MethodName:Click_Button_Xpath, ErrorMsg:Element not found for clicking, Object:Expensive Desktop, Exception:java.lang.IllegalArgumentException: Cannot find elements when the XPath is null. expected [0] but found [1]">
      <![CDATA[java.lang.AssertionError: MethodName:Click_Button_Xpath, ErrorMsg:Element not found for clicking, Object:Expensive Desktop, Exception:java.lang.IllegalArgumentException: Cannot find elements when the XPath is null. expected [0] but found [1]
	at com.demoshop.main.SelLibrary.assertCheck(SelLibrary.java:74)
	at com.demoshop.main.SelLibrary.Click_Button_Xpath(SelLibrary.java:162)
	at com.demoshop.pages.ComputerPage.selectExpensiveDesktop(ComputerPage.java:33)
	at com.demoshop.tests.ComputerPageTests.pressComputerTab(ComputerPageTests.java:15)
	at java.base/java.util.concurrent.FutureTask.run(FutureTask.java:264)
	at java.base/java.util.concurrent.ThreadPoolExecutor.runWorker(ThreadPoolExecutor.java:1136)
	at java.base/java.util.concurrent.ThreadPoolExecutor$Worker.run(ThreadPoolExecutor.java:635)
	at java.base/java.lang.Thread.run(Thread.java:833)
... Removed 21 stack frames]]>
    </failure>
  </testcase> <!-- pressComputerTab -->
</testsuite> <!-- Computer Tests -->
