<!DOCTYPE html PUBLIC "-//W3C//DTD XHTML 1.1//EN" "http://www.w3.org/TR/xhtml11/DTD/xhtml11.dtd">
<html xmlns="http://www.w3.org/1999/xhtml"><head><title>TestNG Report</title><style type="text/css">table {margin-bottom:10px;border-collapse:collapse;empty-cells:show}th,td {border:1px solid #009;padding:.25em .5em}th {vertical-align:bottom}td {vertical-align:top}table a {font-weight:bold}.stripe td {background-color: #E6EBF9}.num {text-align:right}.passedodd td {background-color: #3F3}.passedeven td {background-color: #0A0}.skippedodd td {background-color: #DDD}.skippedeven td {background-color: #CCC}.failedodd td,.attn {background-color: #F33}.failedeven td,.stripe .attn {background-color: #D00}.stacktrace {white-space:pre;font-family:monospace}.totop {font-size:85%;text-align:center;border-bottom:2px solid #000}</style></head><body><table><tr><th>Test</th><th># Passed</th><th># Skipped</th><th># Failed</th><th>Time (ms)</th><th>Included Groups</th><th>Excluded Groups</th></tr><tr><th colspan="7">Sanity Test Suite</th></tr><tr><td><a href="#t0">Computer Tests</a></td><td class="num">0</td><td class="num attn">2</td><td class="num attn">1</td><td class="num">53,531</td><td></td><td></td></tr></table><table><thead><tr><th>Class</th><th>Method</th><th>Start</th><th>Time (ms)</th></tr></thead><tbody><tr><th colspan="4">Sanity Test Suite</th></tr></tbody><tbody id="t0"><tr><th colspan="4">Computer Tests &#8212; failed</th></tr><tr class="failedeven"><td rowspan="1">com.demoshop.tests.ComputerPageTests</td><td><a href="#m0">pressComputerTab</a></td><td rowspan="1">1675831952893</td><td rowspan="1">7471</td></tr><tr><th colspan="4">Computer Tests &#8212; skipped</th></tr><tr class="skippedeven"><td rowspan="2">com.demoshop.tests.ComputerPageTests</td><td><a href="#m1">pressComputerTab</a></td><td rowspan="2">1675831925692</td><td rowspan="2">9540</td></tr><tr class="skippedeven"><td><a href="#m2">pressComputerTab</a></td></tr></tbody></table><h2>Computer Tests</h2><h3 id="m0">com.demoshop.tests.ComputerPageTests#pressComputerTab</h3><table class="result"><tr><th>Exception</th></tr><tr><td><div class="stacktrace">java.lang.AssertionError: MethodName:Click_Button_Xpath, ErrorMsg:Element not found for clicking, Object:Expensive Desktop, Exception:java.lang.IllegalArgumentException: Cannot find elements when the XPath is null. expected [0] but found [1]
	at com.demoshop.main.SelLibrary.assertCheck(SelLibrary.java:74)
	at com.demoshop.main.SelLibrary.Click_Button_Xpath(SelLibrary.java:162)
	at com.demoshop.pages.ComputerPage.selectExpensiveDesktop(ComputerPage.java:33)
	at com.demoshop.tests.ComputerPageTests.pressComputerTab(ComputerPageTests.java:15)
	at java.base/java.util.concurrent.FutureTask.run(FutureTask.java:264)
	at java.base/java.util.concurrent.ThreadPoolExecutor.runWorker(ThreadPoolExecutor.java:1136)
	at java.base/java.util.concurrent.ThreadPoolExecutor$Worker.run(ThreadPoolExecutor.java:635)
	at java.base/java.lang.Thread.run(Thread.java:833)
... Removed 21 stack frames</div></td></tr></table><p class="totop"><a href="#summary">back to summary</a></p><h3 id="m1">com.demoshop.tests.ComputerPageTests#pressComputerTab</h3><table class="result"><tr><th>Exception</th></tr><tr><td><div class="stacktrace">java.lang.AssertionError: MethodName:Click_Button_Xpath, ErrorMsg:Element not found for clicking, Object:Expensive Desktop, Exception:java.lang.IllegalArgumentException: Cannot find elements when the XPath is null. expected [0] but found [1]
	at com.demoshop.main.SelLibrary.assertCheck(SelLibrary.java:74)
	at com.demoshop.main.SelLibrary.Click_Button_Xpath(SelLibrary.java:162)
	at com.demoshop.pages.ComputerPage.selectExpensiveDesktop(ComputerPage.java:33)
	at com.demoshop.tests.ComputerPageTests.pressComputerTab(ComputerPageTests.java:15)
	at java.base/java.util.concurrent.FutureTask.run(FutureTask.java:264)
	at java.base/java.util.concurrent.ThreadPoolExecutor.runWorker(ThreadPoolExecutor.java:1136)
	at java.base/java.util.concurrent.ThreadPoolExecutor$Worker.run(ThreadPoolExecutor.java:635)
	at java.base/java.lang.Thread.run(Thread.java:833)
... Removed 21 stack frames</div></td></tr></table><p class="totop"><a href="#summary">back to summary</a></p><h3 id="m2">com.demoshop.tests.ComputerPageTests#pressComputerTab</h3><table class="result"><tr><th>Exception</th></tr><tr><td><div class="stacktrace">java.lang.AssertionError: MethodName:Click_Button_Xpath, ErrorMsg:Element not found for clicking, Object:Expensive Desktop, Exception:java.lang.IllegalArgumentException: Cannot find elements when the XPath is null. expected [0] but found [1]
	at com.demoshop.main.SelLibrary.assertCheck(SelLibrary.java:74)
	at com.demoshop.main.SelLibrary.Click_Button_Xpath(SelLibrary.java:162)
	at com.demoshop.pages.ComputerPage.selectExpensiveDesktop(ComputerPage.java:33)
	at com.demoshop.tests.ComputerPageTests.pressComputerTab(ComputerPageTests.java:15)
	at java.base/java.util.concurrent.FutureTask.run(FutureTask.java:264)
	at java.base/java.util.concurrent.ThreadPoolExecutor.runWorker(ThreadPoolExecutor.java:1136)
	at java.base/java.util.concurrent.ThreadPoolExecutor$Worker.run(ThreadPoolExecutor.java:635)
	at java.base/java.lang.Thread.run(Thread.java:833)
... Removed 21 stack frames</div></td></tr></table><p class="totop"><a href="#summary">back to summary</a></p></body></html>